[2025-09-28 15:28:17] [INFO    ] discord.client: logging in using static token
[2025-09-28 15:28:18] [DEBUG   ] discord.http: GET https://discord.com/api/v10/users/@me with None has returned 200
[2025-09-28 15:28:18] [DEBUG   ] discord.http: GET /users/@me has found its initial rate limit bucket hash (78bb8553d9352a5a2f89f9def401287a).
[2025-09-28 15:28:18] [DEBUG   ] discord.http: GET https://discord.com/api/v10/users/@me has received {'id': '1421749292619661412', 'username': 'PSCP', 'avatar': None, 'discriminator': '2595', 'public_flags': 0, 'flags': 0, 'bot': True, 'banner': None, 'accent_color': None, 'global_name': None, 'avatar_decoration_data': None, 'collectibles': None, 'display_name_styles': None, 'banner_color': None, 'clan': None, 'primary_guild': None, 'mfa_enabled': True, 'locale': 'en-US', 'premium_type': 0, 'email': None, 'verified': True, 'bio': ''}
[2025-09-28 15:28:18] [DEBUG   ] discord.http: GET https://discord.com/api/v10/oauth2/applications/@me with None has returned 200
[2025-09-28 15:28:18] [DEBUG   ] discord.http: GET /oauth2/applications/@me has found its initial rate limit bucket hash (d28a133af187e91d71d96a223467ce49).
[2025-09-28 15:28:18] [DEBUG   ] discord.http: GET https://discord.com/api/v10/oauth2/applications/@me has received {'id': '1421749292619661412', 'name': 'PSCP', 'icon': None, 'description': '', 'type': None, 'bot': {'id': '1421749292619661412', 'username': 'PSCP', 'avatar': None, 'discriminator': '2595', 'public_flags': 0, 'flags': 0, 'bot': True, 'banner': None, 'accent_color': None, 'global_name': None, 'avatar_decoration_data': None, 'collectibles': None, 'display_name_styles': None, 'banner_color': None, 'clan': None, 'primary_guild': None}, 'summary': '', 'is_monetized': False, 'is_verified': False, 'is_discoverable': False, 'bot_public': True, 'bot_require_code_grant': False, 'install_params': {'scopes': ['applications.commands'], 'permissions': '0'}, 'integration_types_config': {'0': {'oauth2_install_params': {'scopes': ['applications.commands'], 'permissions': '0'}}, '1': {'oauth2_install_params': {'scopes': ['applications.commands'], 'permissions': '0'}}}, 'verify_key': '2fd954135cd2881f8b0410b8b1fa8b228e9685e6e034ebbad90f5f9f179ca366', 'flags': 557056, 'hook': True, 'storefront_available': False, 'redirect_uris': [], 'interactions_endpoint_url': None, 'role_connections_verification_url': None, 'owner': {'id': '438527227286519810', 'username': 'imissher.dofu', 'avatar': '1915214d31e4d2e090b556b32c68c02f', 'discriminator': '0', 'public_flags': 0, 'flags': 0, 'banner': None, 'accent_color': 269617, 'global_name': 'I Hope They Play FE!N', 'avatar_decoration_data': None, 'collectibles': None, 'display_name_styles': None, 'banner_color': '#041d31', 'clan': None, 'primary_guild': None}, 'approximate_guild_count': 0, 'approximate_user_install_count': 0, 'approximate_user_authorization_count': 0, 'interactions_event_types': [], 'interactions_version': 1, 'explicit_content_filter': 0, 'rpc_application_state': 0, 'store_application_state': 1, 'verification_state': 1, 'integration_public': True, 'integration_require_code_grant': False, 'discoverability_state': 1, 'discovery_eligibility_flags': 2272, 'monetization_state': 1, 'verification_eligibility_flags': 123804, 'monetization_eligibility_flags': 247524, 'team': None, 'internal_guild_restriction': 2, 'approved_consoles': [], 'pricing_localization_strategy': 'localized_price_sets'}
[2025-09-28 15:28:19] [DEBUG   ] discord.gateway: Created websocket connected to wss://gateway.discord.gg/
[2025-09-28 15:28:19] [DEBUG   ] discord.gateway: For Shard ID None: WebSocket Event: {'t': None, 's': None, 'op': 10, 'd': {'heartbeat_interval': 41250, '_trace': ['["gateway-prd-arm-us-east1-b-m3gk",{"micros":0.0}]']}}
[2025-09-28 15:28:19] [DEBUG   ] discord.gateway: Shard ID None has sent the IDENTIFY payload.
[2025-09-28 15:28:19] [DEBUG   ] discord.gateway: For Shard ID None: WebSocket Event: {'t': None, 's': None, 'op': 11, 'd': None}
[2025-09-28 15:28:19] [DEBUG   ] discord.gateway: For Shard ID None: WebSocket Event: {'t': 'READY', 's': 1, 'op': 0, 'd': {'v': 10, 'user_settings': {}, 'user': {'verified': True, 'username': 'PSCP', 'primary_guild': None, 'mfa_enabled': True, 'id': '1421749292619661412', 'global_name': None, 'flags': 0, 'email': None, 'discriminator': '2595', 'clan': None, 'bot': True, 'avatar': None}, 'session_type': 'normal', 'session_id': '23d2d77d987933ff47d1ac138ace07d2', 'resume_gateway_url': 'wss://gateway-us-east1-b.discord.gg', 'relationships': [], 'private_channels': [], 'presences': [], 'guilds': [{'unavailable': True, 'id': '1421750535731544105'}], 'guild_join_requests': [], 'geo_ordered_rtc_regions': ['singapore', 'hongkong', 'india', 'japan', 'dubai'], 'game_relationships': [], 'auth': {}, 'application': {'id': '1421749292619661412', 'flags': 557056}, '_trace': ['["gateway-prd-arm-us-east1-b-m3gk",{"micros":331590,"calls":["id_created",{"micros":327,"calls":[]},"session_lookup_time",{"micros":3863,"calls":[]},"session_lookup_finished",{"micros":10,"calls":[]},"discord-sessions-prd-2-25",{"micros":325872,"calls":["start_session",{"micros":311071,"calls":["discord-api-rpc-57bbf99c88-8dvc8",{"micros":255585,"calls":["get_user",{"micros":99916},"get_guilds",{"micros":59701},"send_scheduled_deletion_message",{"micros":19},"guild_join_requests",{"micros":210},"authorized_ip_coro",{"micros":15},"pending_payments",{"micros":36461},"apex_experiments",{"micros":7789},"user_activities",{"micros":7},"played_application_ids",{"micros":3}]}]},"starting_guild_connect",{"micros":30,"calls":[]},"presence_started",{"micros":257,"calls":[]},"guilds_started",{"micros":51,"calls":[]},"lobbies_started",{"micros":1,"calls":[]},"guilds_connect",{"micros":1,"calls":[]},"presence_connect",{"micros":14390,"calls":[]},"connect_finished",{"micros":14449,"calls":[]},"build_ready",{"micros":10,"calls":[]},"clean_ready",{"micros":1,"calls":[]},"optimize_ready",{"micros":0,"calls":[]},"split_ready",{"micros":1,"calls":[]}]}]}]']}}
[2025-09-28 15:28:19] [DEBUG   ] discord.client: Dispatching event socket_event_type
[2025-09-28 15:28:19] [INFO    ] discord.gateway: Shard ID None has connected to Gateway (Session ID: 23d2d77d987933ff47d1ac138ace07d2).
[2025-09-28 15:28:19] [DEBUG   ] discord.client: Dispatching event connect
[2025-09-28 15:28:19] [DEBUG   ] discord.gateway: For Shard ID None: WebSocket Event: {'t': 'GUILD_CREATE', 's': 2, 'op': 0, 'd': {'roles': [{'version': 1759042142669, 'unicode_emoji': None, 'tags': {}, 'position': 0, 'permissions': '2248473465835073', 'name': '@everyone', 'mentionable': False, 'managed': False, 'id': '1421750535731544105', 'icon': None, 'hoist': False, 'flags': 0, 'colors': {'tertiary_color': None, 'secondary_color': None, 'primary_color': 0}, 'color': 0}, {'version': 1759042160349, 'unicode_emoji': None, 'tags': {'bot_id': '1421749292619661412'}, 'position': 1, 'permissions': '563414078712896', 'name': 'PSCP', 'mentionable': False, 'managed': True, 'id': '1421750610050547837', 'icon': None, 'hoist': False, 'flags': 0, 'colors': {'tertiary_color': None, 'secondary_color': None, 'primary_color': 0}, 'color': 0}], 'max_stage_video_channel_users': 50, 'mfa_level': 0, 'region': 'deprecated', 'icon': None, 'max_members': 25000000, 'members': [{'user': {'username': 'PSCP', 'public_flags': 0, 'primary_guild': None, 'id': '1421749292619661412', 'global_name': None, 'display_name_styles': None, 'display_name': None, 'discriminator': '2595', 'collectibles': None, 'bot': True, 'avatar_decoration_data': None, 'avatar': None}, 'roles': ['1421750610050547837'], 'premium_since': None, 'pending': False, 'nick': None, 'mute': False, 'joined_at': '2025-09-28T06:49:20.363881+00:00', 'flags': 0, 'deaf': False, 'communication_disabled_until': None, 'banner': None, 'avatar': None}], 'profile': None, 'nsfw_level': 0, 'presences': [], 'inventory_settings': None, 'application_command_counts': {}, 'stickers': [], 'premium_progress_bar_enabled': False, 'voice_states': [], 'default_message_notifications': 0, 'id': '1421750535731544105', 'max_video_channel_users': 25, 'name': 'PSCP', 'discovery_splash': None, 'latest_onboarding_question_id': None, 'lazy': True, 'large': False, 'explicit_content_filter': 0, 'unavailable': False, 'threads': [], 'home_header': None, 'embedded_activities': [], 'afk_channel_id': None, 'emojis': [], 'afk_timeout': 300, 'system_channel_flags': 0, 'description': None, 'nsfw': False, 'guild_scheduled_events': [], 'features': [], 'public_updates_channel_id': None, 'soundboard_sounds': [], 'activity_instances': [], 'member_count': 5, 'incidents_data': None, 'system_channel_id': '1421750536172208191', 'safety_alerts_channel_id': None, 'premium_features': None, 'banner': None, 'premium_subscription_count': 0, 'splash': None, 'vanity_url_code': None, 'moderator_reporting': None, 'premium_tier': 0, 'channels': [{'version': 1759042142672, 'type': 4, 'position': 0, 'permission_overwrites': [], 'name': 'Text Channels', 'id': '1421750536172208189', 'flags': 0}, {'version': 1759042142675, 'type': 4, 'position': 0, 'permission_overwrites': [], 'name': 'Voice Channels', 'id': '1421750536172208190', 'flags': 0}, {'version': 1759042142681, 'type': 0, 'topic': None, 'rate_limit_per_user': 0, 'position': 0, 'permission_overwrites': [], 'parent_id': '1421750536172208189', 'name': 'general', 'last_message_id': '1421775401578926160', 'id': '1421750536172208191', 'icon_emoji': {'name': '👋', 'id': None}, 'flags': 0}, {'version': 1759042142686, 'user_limit': 0, 'type': 2, 'rtc_region': None, 'rate_limit_per_user': 0, 'position': 0, 'permission_overwrites': [], 'parent_id': '1421750536172208190', 'name': 'General', 'last_message_id': None, 'id': '1421750536172208192', 'icon_emoji': {'name': '🎙', 'id': None}, 'flags': 0, 'bitrate': 64000}], 'rules_channel_id': None, 'joined_at': '2025-09-28T06:49:20.363881+00:00', 'stage_instances': [], 'preferred_locale': 'en-US', 'application_id': None, 'version': 1759044954156, 'verification_level': 0, 'owner_configured_content_level': 0, 'owner_id': '438527227286519810', 'hub_type': None}}
[2025-09-28 15:28:19] [DEBUG   ] discord.client: Dispatching event socket_event_type
[2025-09-28 15:28:19] [DEBUG   ] discord.gateway: For Shard ID None: WebSocket Event: {'t': 'GUILD_MEMBERS_CHUNK', 's': 3, 'op': 0, 'd': {'nonce': '27c30ad5e1b1d1da08ef21a7453d21e9', 'members': [{'user': {'username': 'imissher.dofu', 'public_flags': 0, 'primary_guild': None, 'id': '438527227286519810', 'global_name': 'I Hope They Play FE!N', 'display_name_styles': None, 'display_name': 'I Hope They Play FE!N', 'discriminator': '0', 'collectibles': None, 'bot': False, 'avatar_decoration_data': None, 'avatar': '1915214d31e4d2e090b556b32c68c02f'}, 'roles': [], 'premium_since': None, 'pending': False, 'nick': 'tob', 'mute': False, 'joined_at': '2025-09-28T06:49:02.574000+00:00', 'flags': 0, 'deaf': False, 'communication_disabled_until': None, 'banner': None, 'avatar': None}, {'user': {'username': 'gxnp.', 'public_flags': 64, 'primary_guild': {'tag': 'WHAT', 'identity_guild_id': '772299397157093416', 'identity_enabled': True, 'badge': 'd84985dab45c3cdcf569e45b89851750'}, 'id': '500342775628300318', 'global_name': 'Gxnp.', 'display_name_styles': None, 'display_name': 'Gxnp.', 'discriminator': '0', 'collectibles': {'nameplate': {'sku_id': '1409983105577783410', 'palette': 'violet', 'label': 'COLLECTIBLES_SEPTEMBER_2025_MARKETING_NAMEPLATE_A11Y', 'expires_at': None, 'asset': 'nameplates/special_events_2/nitro_rocketfuel_nameplate/'}}, 'bot': False, 'avatar_decoration_data': {'sku_id': '1409978159255785652', 'expires_at': None, 'asset': 'a_d1e5d3aabccb3d38f21b5ac8a33fcf4d'}, 'avatar': 'b89659937c8f83bb5c4cf02d4033e291'}, 'roles': [], 'premium_since': None, 'pending': False, 'nick': None, 'mute': False, 'joined_at': '2025-09-28T07:16:18.649065+00:00', 'flags': 1, 'deaf': False, 'communication_disabled_until': None, 'banner': None, 'avatar': None}, {'user': {'username': 'nicotinelnwza007', 'public_flags': 256, 'primary_guild': None, 'id': '577814898260705280', 'global_name': 'N1cotinee', 'display_name_styles': None, 'display_name': 'N1cotinee', 'discriminator': '0', 'collectibles': None, 'bot': False, 'avatar_decoration_data': None, 'avatar': '6ccd78481439b6ea0e2a618de6b1832b'}, 'roles': [], 'premium_since': None, 'pending': False, 'nick': None, 'mute': False, 'joined_at': '2025-09-28T07:29:32.243773+00:00', 'flags': 0, 'deaf': False, 'communication_disabled_until': None, 'banner': None, 'avatar': None}, {'user': {'username': 'pk.tkh35', 'public_flags': 0, 'primary_guild': {'tag': None, 'identity_guild_id': None, 'identity_enabled': False, 'badge': None}, 'id': '920175524024811540', 'global_name': None, 'display_name_styles': None, 'display_name': None, 'discriminator': '0', 'collectibles': None, 'bot': False, 'avatar_decoration_data': None, 'avatar': '6e732b5d48c4e113da4c6d37b516f112'}, 'roles': [], 'premium_since': None, 'pending': False, 'nick': None, 'mute': False, 'joined_at': '2025-09-28T07:21:50.043455+00:00', 'flags': 0, 'deaf': False, 'communication_disabled_until': None, 'banner': None, 'avatar': None}, {'user': {'username': 'PSCP', 'public_flags': 0, 'primary_guild': None, 'id': '1421749292619661412', 'global_name': None, 'display_name_styles': None, 'display_name': None, 'discriminator': '2595', 'collectibles': None, 'bot': True, 'avatar_decoration_data': None, 'avatar': None}, 'roles': ['1421750610050547837'], 'premium_since': None, 'pending': False, 'nick': None, 'mute': False, 'joined_at': '2025-09-28T06:49:20.363881+00:00', 'flags': 0, 'deaf': False, 'communication_disabled_until': None, 'banner': None, 'avatar': None}], 'guild_id': '1421750535731544105', 'chunk_index': 0, 'chunk_count': 1}}
[2025-09-28 15:28:19] [DEBUG   ] discord.client: Dispatching event socket_event_type
[2025-09-28 15:28:19] [DEBUG   ] discord.state: Processed a chunk for 5 members in guild ID 1421750535731544105.
[2025-09-28 15:28:20] [DEBUG   ] discord.gateway: For Shard ID None: WebSocket Event: {'t': 'MESSAGE_DELETE', 's': 4, 'op': 0, 'd': {'id': '1421775401578926160', 'channel_id': '1421750536172208191', 'guild_id': '1421750535731544105'}}
[2025-09-28 15:28:20] [DEBUG   ] discord.client: Dispatching event socket_event_type
[2025-09-28 15:28:20] [DEBUG   ] discord.client: Dispatching event raw_message_delete
[2025-09-28 15:28:21] [DEBUG   ] discord.client: Dispatching event guild_available
[2025-09-28 15:28:21] [DEBUG   ] discord.client: Dispatching event ready
[2025-09-28 15:28:24] [DEBUG   ] discord.gateway: For Shard ID None: WebSocket Event: {'t': 'MESSAGE_CREATE', 's': 5, 'op': 0, 'd': {'type': 0, 'tts': False, 'timestamp': '2025-09-28T08:28:25.142000+00:00', 'pinned': False, 'nonce': '1421775540729151488', 'mentions': [], 'mention_roles': [], 'mention_everyone': False, 'member': {'roles': [], 'premium_since': None, 'pending': False, 'nick': 'tob', 'mute': False, 'joined_at': '2025-09-28T06:49:02.574000+00:00', 'flags': 0, 'deaf': False, 'communication_disabled_until': None, 'banner': None, 'avatar': None}, 'id': '1421775544587911168', 'flags': 0, 'embeds': [], 'edited_timestamp': None, 'content': 'pscp', 'components': [], 'channel_type': 0, 'channel_id': '1421750536172208191', 'author': {'username': 'imissher.dofu', 'public_flags': 0, 'primary_guild': None, 'id': '438527227286519810', 'global_name': 'I Hope They Play FE!N', 'display_name_styles': None, 'discriminator': '0', 'collectibles': None, 'clan': None, 'avatar_decoration_data': None, 'avatar': '1915214d31e4d2e090b556b32c68c02f'}, 'attachments': [], 'guild_id': '1421750535731544105'}}
[2025-09-28 15:28:24] [DEBUG   ] discord.client: Dispatching event socket_event_type
[2025-09-28 15:28:24] [DEBUG   ] discord.client: Dispatching event message
[2025-09-28 15:28:24] [DEBUG   ] discord.gateway: For Shard ID None: WebSocket Event: {'t': 'MESSAGE_DELETE', 's': 6, 'op': 0, 'd': {'id': '1421775544587911168', 'channel_id': '1421750536172208191', 'guild_id': '1421750535731544105'}}
[2025-09-28 15:28:24] [DEBUG   ] discord.client: Dispatching event socket_event_type
[2025-09-28 15:28:24] [DEBUG   ] discord.client: Dispatching event raw_message_delete
[2025-09-28 15:28:24] [DEBUG   ] discord.client: Dispatching event message_delete
[2025-09-28 15:28:24] [DEBUG   ] discord.http: DELETE https://discord.com/api/v10/channels/1421750536172208191/messages/1421775544587911168 with None has returned 204
[2025-09-28 15:28:24] [DEBUG   ] discord.http: DELETE /channels/{channel_id}/messages/{message_id}:sub-10-seconds has found its initial rate limit bucket hash (3df15bae86f6647dd4dfcbd5c6949480).
[2025-09-28 15:28:24] [DEBUG   ] discord.http: DELETE https://discord.com/api/v10/channels/1421750536172208191/messages/1421775544587911168 has received 
[2025-09-28 15:28:25] [DEBUG   ] discord.gateway: For Shard ID None: WebSocket Event: {'t': 'MESSAGE_CREATE', 's': 7, 'op': 0, 'd': {'type': 0, 'tts': False, 'timestamp': '2025-09-28T08:28:25.958000+00:00', 'pinned': False, 'nonce': '5370274365675802479', 'mentions': [{'username': 'imissher.dofu', 'public_flags': 0, 'primary_guild': None, 'member': {'roles': [], 'premium_since': None, 'pending': False, 'nick': 'tob', 'mute': False, 'joined_at': '2025-09-28T06:49:02.574000+00:00', 'flags': 0, 'deaf': False, 'communication_disabled_until': None, 'banner': None, 'avatar': None}, 'id': '438527227286519810', 'global_name': 'I Hope They Play FE!N', 'display_name_styles': None, 'discriminator': '0', 'collectibles': None, 'clan': None, 'avatar_decoration_data': None, 'avatar': '1915214d31e4d2e090b556b32c68c02f'}], 'mention_roles': [], 'mention_everyone': False, 'member': {'roles': ['1421750610050547837'], 'premium_since': None, 'pending': False, 'nick': None, 'mute': False, 'joined_at': '2025-09-28T06:49:20.363881+00:00', 'flags': 0, 'deaf': False, 'communication_disabled_until': None, 'banner': None, 'avatar': None}, 'id': '1421775548010598461', 'flags': 0, 'embeds': [], 'edited_timestamp': None, 'content': '<@438527227286519810> คำต้องห้ามนะ', 'components': [], 'channel_type': 0, 'channel_id': '1421750536172208191', 'author': {'username': 'PSCP', 'public_flags': 0, 'primary_guild': None, 'id': '1421749292619661412', 'global_name': None, 'display_name_styles': None, 'discriminator': '2595', 'collectibles': None, 'clan': None, 'bot': True, 'avatar_decoration_data': None, 'avatar': None}, 'attachments': [], 'guild_id': '1421750535731544105'}}
[2025-09-28 15:28:25] [DEBUG   ] discord.client: Dispatching event socket_event_type
[2025-09-28 15:28:25] [DEBUG   ] discord.client: Dispatching event message
[2025-09-28 15:28:25] [DEBUG   ] discord.http: POST https://discord.com/api/v10/channels/1421750536172208191/messages with {"content":"<@438527227286519810> \u0e04\u0e33\u0e15\u0e49\u0e2d\u0e07\u0e2b\u0e49\u0e32\u0e21\u0e19\u0e30","components":[],"nonce":"5370274365675802479","enforce_nonce":true,"tts":false} has returned 200
[2025-09-28 15:28:25] [DEBUG   ] discord.http: POST /channels/{channel_id}/messages has found its initial rate limit bucket hash (3df15bae86f6647dd4dfcbd5c6949480).
[2025-09-28 15:28:25] [DEBUG   ] discord.http: POST https://discord.com/api/v10/channels/1421750536172208191/messages has received {'type': 0, 'content': '<@438527227286519810> คำต้องห้ามนะ', 'mentions': [{'id': '438527227286519810', 'username': 'imissher.dofu', 'avatar': '1915214d31e4d2e090b556b32c68c02f', 'discriminator': '0', 'public_flags': 0, 'flags': 0, 'banner': None, 'accent_color': 269617, 'global_name': 'I Hope They Play FE!N', 'avatar_decoration_data': None, 'collectibles': None, 'display_name_styles': None, 'banner_color': '#041d31', 'clan': None, 'primary_guild': None}], 'mention_roles': [], 'attachments': [], 'embeds': [], 'timestamp': '2025-09-28T08:28:25.958000+00:00', 'edited_timestamp': None, 'flags': 0, 'components': [], 'id': '1421775548010598461', 'channel_id': '1421750536172208191', 'author': {'id': '1421749292619661412', 'username': 'PSCP', 'avatar': None, 'discriminator': '2595', 'public_flags': 0, 'flags': 0, 'bot': True, 'banner': None, 'accent_color': None, 'global_name': None, 'avatar_decoration_data': None, 'collectibles': None, 'display_name_styles': None, 'banner_color': None, 'clan': None, 'primary_guild': None}, 'pinned': False, 'mention_everyone': False, 'tts': False, 'nonce': '5370274365675802479'}
[2025-09-28 15:28:27] [DEBUG   ] discord.gateway: For Shard ID None: WebSocket Event: {'t': 'MESSAGE_DELETE', 's': 8, 'op': 0, 'd': {'id': '1421775548010598461', 'channel_id': '1421750536172208191', 'guild_id': '1421750535731544105'}}
[2025-09-28 15:28:27] [DEBUG   ] discord.client: Dispatching event socket_event_type
[2025-09-28 15:28:27] [DEBUG   ] discord.client: Dispatching event raw_message_delete
[2025-09-28 15:28:27] [DEBUG   ] discord.client: Dispatching event message_delete
[2025-09-28 15:29:00] [DEBUG   ] discord.gateway: Keeping shard ID None websocket alive with sequence 8.
[2025-09-28 15:29:00] [DEBUG   ] discord.gateway: For Shard ID None: WebSocket Event: {'t': None, 's': None, 'op': 11, 'd': None}
[2025-09-28 15:29:41] [DEBUG   ] discord.gateway: Keeping shard ID None websocket alive with sequence 8.
[2025-09-28 15:29:41] [DEBUG   ] discord.gateway: For Shard ID None: WebSocket Event: {'t': None, 's': None, 'op': 11, 'd': None}
[2025-09-28 15:30:22] [DEBUG   ] discord.gateway: Keeping shard ID None websocket alive with sequence 8.
[2025-09-28 15:30:23] [DEBUG   ] discord.gateway: For Shard ID None: WebSocket Event: {'t': None, 's': None, 'op': 11, 'd': None}
[2025-09-28 15:31:04] [DEBUG   ] discord.gateway: Keeping shard ID None websocket alive with sequence 8.
[2025-09-28 15:31:04] [DEBUG   ] discord.gateway: For Shard ID None: WebSocket Event: {'t': None, 's': None, 'op': 11, 'd': None}
[2025-09-28 15:31:45] [DEBUG   ] discord.gateway: Keeping shard ID None websocket alive with sequence 8.
[2025-09-28 15:31:45] [DEBUG   ] discord.gateway: For Shard ID None: WebSocket Event: {'t': None, 's': None, 'op': 11, 'd': None}
[2025-09-28 15:32:26] [DEBUG   ] discord.gateway: Keeping shard ID None websocket alive with sequence 8.
[2025-09-28 15:32:26] [DEBUG   ] discord.gateway: For Shard ID None: WebSocket Event: {'t': None, 's': None, 'op': 11, 'd': None}
[2025-09-28 15:33:07] [DEBUG   ] discord.gateway: Keeping shard ID None websocket alive with sequence 8.
[2025-09-28 15:33:08] [DEBUG   ] discord.gateway: For Shard ID None: WebSocket Event: {'t': None, 's': None, 'op': 11, 'd': None}
[2025-09-28 15:33:49] [DEBUG   ] discord.gateway: Keeping shard ID None websocket alive with sequence 8.
[2025-09-28 15:33:49] [DEBUG   ] discord.gateway: For Shard ID None: WebSocket Event: {'t': None, 's': None, 'op': 11, 'd': None}
[2025-09-28 15:34:30] [DEBUG   ] discord.gateway: Keeping shard ID None websocket alive with sequence 8.
[2025-09-28 15:34:30] [DEBUG   ] discord.gateway: For Shard ID None: WebSocket Event: {'t': None, 's': None, 'op': 11, 'd': None}
[2025-09-28 15:35:11] [DEBUG   ] discord.gateway: Keeping shard ID None websocket alive with sequence 8.
[2025-09-28 15:35:11] [DEBUG   ] discord.gateway: For Shard ID None: WebSocket Event: {'t': None, 's': None, 'op': 11, 'd': None}
[2025-09-28 15:35:52] [DEBUG   ] discord.gateway: Keeping shard ID None websocket alive with sequence 8.
[2025-09-28 15:35:53] [DEBUG   ] discord.gateway: For Shard ID None: WebSocket Event: {'t': None, 's': None, 'op': 11, 'd': None}
[2025-09-28 15:36:34] [DEBUG   ] discord.gateway: Keeping shard ID None websocket alive with sequence 8.
[2025-09-28 15:36:34] [DEBUG   ] discord.gateway: For Shard ID None: WebSocket Event: {'t': None, 's': None, 'op': 11, 'd': None}
[2025-09-28 15:37:15] [DEBUG   ] discord.gateway: Keeping shard ID None websocket alive with sequence 8.
[2025-09-28 15:37:15] [DEBUG   ] discord.gateway: For Shard ID None: WebSocket Event: {'t': None, 's': None, 'op': 11, 'd': None}
[2025-09-28 15:37:56] [DEBUG   ] discord.gateway: Keeping shard ID None websocket alive with sequence 8.
[2025-09-28 15:37:56] [DEBUG   ] discord.gateway: For Shard ID None: WebSocket Event: {'t': None, 's': None, 'op': 11, 'd': None}
[2025-09-28 15:38:37] [DEBUG   ] discord.gateway: Keeping shard ID None websocket alive with sequence 8.
[2025-09-28 15:38:38] [DEBUG   ] discord.gateway: For Shard ID None: WebSocket Event: {'t': None, 's': None, 'op': 11, 'd': None}
[2025-09-28 15:39:19] [DEBUG   ] discord.gateway: Keeping shard ID None websocket alive with sequence 8.
[2025-09-28 15:39:19] [DEBUG   ] discord.gateway: For Shard ID None: WebSocket Event: {'t': None, 's': None, 'op': 11, 'd': None}
[2025-09-28 15:40:00] [DEBUG   ] discord.gateway: Keeping shard ID None websocket alive with sequence 8.
[2025-09-28 15:40:00] [DEBUG   ] discord.gateway: For Shard ID None: WebSocket Event: {'t': None, 's': None, 'op': 11, 'd': None}
[2025-09-28 15:40:41] [DEBUG   ] discord.gateway: Keeping shard ID None websocket alive with sequence 8.
[2025-09-28 15:40:42] [DEBUG   ] discord.gateway: For Shard ID None: WebSocket Event: {'t': None, 's': None, 'op': 11, 'd': None}
[2025-09-28 15:41:23] [DEBUG   ] discord.gateway: Keeping shard ID None websocket alive with sequence 8.
[2025-09-28 15:41:23] [DEBUG   ] discord.gateway: For Shard ID None: WebSocket Event: {'t': None, 's': None, 'op': 11, 'd': None}
[2025-09-28 15:42:04] [DEBUG   ] discord.gateway: Keeping shard ID None websocket alive with sequence 8.
[2025-09-28 15:42:04] [DEBUG   ] discord.gateway: For Shard ID None: WebSocket Event: {'t': None, 's': None, 'op': 11, 'd': None}
[2025-09-28 15:42:45] [DEBUG   ] discord.gateway: Keeping shard ID None websocket alive with sequence 8.
[2025-09-28 15:42:45] [DEBUG   ] discord.gateway: For Shard ID None: WebSocket Event: {'t': None, 's': None, 'op': 11, 'd': None}
[2025-09-28 15:43:26] [DEBUG   ] discord.gateway: Keeping shard ID None websocket alive with sequence 8.
[2025-09-28 15:43:27] [DEBUG   ] discord.gateway: For Shard ID None: WebSocket Event: {'t': None, 's': None, 'op': 11, 'd': None}
[2025-09-28 15:44:08] [DEBUG   ] discord.gateway: Keeping shard ID None websocket alive with sequence 8.
[2025-09-28 15:44:08] [DEBUG   ] discord.gateway: For Shard ID None: WebSocket Event: {'t': None, 's': None, 'op': 11, 'd': None}
[2025-09-28 15:44:49] [DEBUG   ] discord.gateway: Keeping shard ID None websocket alive with sequence 8.
[2025-09-28 15:44:49] [DEBUG   ] discord.gateway: For Shard ID None: WebSocket Event: {'t': None, 's': None, 'op': 11, 'd': None}
[2025-09-28 15:45:30] [DEBUG   ] discord.gateway: Keeping shard ID None websocket alive with sequence 8.
[2025-09-28 15:45:30] [DEBUG   ] discord.gateway: For Shard ID None: WebSocket Event: {'t': None, 's': None, 'op': 11, 'd': None}
[2025-09-28 15:46:11] [DEBUG   ] discord.gateway: Keeping shard ID None websocket alive with sequence 8.
[2025-09-28 15:46:12] [DEBUG   ] discord.gateway: For Shard ID None: WebSocket Event: {'t': None, 's': None, 'op': 11, 'd': None}
[2025-09-28 15:46:53] [DEBUG   ] discord.gateway: Keeping shard ID None websocket alive with sequence 8.
[2025-09-28 15:46:53] [DEBUG   ] discord.gateway: For Shard ID None: WebSocket Event: {'t': None, 's': None, 'op': 11, 'd': None}
[2025-09-28 15:47:34] [DEBUG   ] discord.gateway: Keeping shard ID None websocket alive with sequence 8.
[2025-09-28 15:47:34] [DEBUG   ] discord.gateway: For Shard ID None: WebSocket Event: {'t': None, 's': None, 'op': 11, 'd': None}
[2025-09-28 15:48:15] [DEBUG   ] discord.gateway: Keeping shard ID None websocket alive with sequence 8.
[2025-09-28 15:48:15] [DEBUG   ] discord.gateway: For Shard ID None: WebSocket Event: {'t': None, 's': None, 'op': 11, 'd': None}
[2025-09-28 15:48:56] [DEBUG   ] discord.gateway: Keeping shard ID None websocket alive with sequence 8.
[2025-09-28 15:48:57] [DEBUG   ] discord.gateway: For Shard ID None: WebSocket Event: {'t': None, 's': None, 'op': 11, 'd': None}
[2025-09-28 15:49:38] [DEBUG   ] discord.gateway: Keeping shard ID None websocket alive with sequence 8.
[2025-09-28 15:49:38] [DEBUG   ] discord.gateway: For Shard ID None: WebSocket Event: {'t': None, 's': None, 'op': 11, 'd': None}
[2025-09-28 15:50:19] [DEBUG   ] discord.gateway: Keeping shard ID None websocket alive with sequence 8.
[2025-09-28 15:50:19] [DEBUG   ] discord.gateway: For Shard ID None: WebSocket Event: {'t': None, 's': None, 'op': 11, 'd': None}
[2025-09-28 15:51:00] [DEBUG   ] discord.gateway: Keeping shard ID None websocket alive with sequence 8.
[2025-09-28 15:51:00] [DEBUG   ] discord.gateway: For Shard ID None: WebSocket Event: {'t': None, 's': None, 'op': 11, 'd': None}
[2025-09-28 15:51:41] [DEBUG   ] discord.gateway: Keeping shard ID None websocket alive with sequence 8.
[2025-09-28 15:51:42] [DEBUG   ] discord.gateway: For Shard ID None: WebSocket Event: {'t': None, 's': None, 'op': 11, 'd': None}
[2025-09-28 15:52:23] [DEBUG   ] discord.gateway: Keeping shard ID None websocket alive with sequence 8.
[2025-09-28 15:52:23] [DEBUG   ] discord.gateway: For Shard ID None: WebSocket Event: {'t': None, 's': None, 'op': 11, 'd': None}
[2025-09-28 15:53:04] [DEBUG   ] discord.gateway: Keeping shard ID None websocket alive with sequence 8.
[2025-09-28 15:53:04] [DEBUG   ] discord.gateway: For Shard ID None: WebSocket Event: {'t': None, 's': None, 'op': 11, 'd': None}
[2025-09-28 15:53:45] [DEBUG   ] discord.gateway: Keeping shard ID None websocket alive with sequence 8.
[2025-09-28 15:53:45] [DEBUG   ] discord.gateway: For Shard ID None: WebSocket Event: {'t': None, 's': None, 'op': 11, 'd': None}
[2025-09-28 15:54:26] [DEBUG   ] discord.gateway: Keeping shard ID None websocket alive with sequence 8.
[2025-09-28 15:54:27] [DEBUG   ] discord.gateway: For Shard ID None: WebSocket Event: {'t': None, 's': None, 'op': 11, 'd': None}
[2025-09-28 15:55:08] [DEBUG   ] discord.gateway: Keeping shard ID None websocket alive with sequence 8.
[2025-09-28 15:55:08] [DEBUG   ] discord.gateway: For Shard ID None: WebSocket Event: {'t': None, 's': None, 'op': 11, 'd': None}
[2025-09-28 15:55:49] [DEBUG   ] discord.gateway: Keeping shard ID None websocket alive with sequence 8.
[2025-09-28 15:55:49] [DEBUG   ] discord.gateway: For Shard ID None: WebSocket Event: {'t': None, 's': None, 'op': 11, 'd': None}
[2025-09-28 15:56:30] [DEBUG   ] discord.gateway: Keeping shard ID None websocket alive with sequence 8.
[2025-09-28 15:56:30] [DEBUG   ] discord.gateway: For Shard ID None: WebSocket Event: {'t': None, 's': None, 'op': 11, 'd': None}
[2025-09-28 15:57:11] [DEBUG   ] discord.gateway: Keeping shard ID None websocket alive with sequence 8.
[2025-09-28 15:57:12] [DEBUG   ] discord.gateway: For Shard ID None: WebSocket Event: {'t': None, 's': None, 'op': 11, 'd': None}
[2025-09-28 15:57:53] [DEBUG   ] discord.gateway: Keeping shard ID None websocket alive with sequence 8.
[2025-09-28 15:57:53] [DEBUG   ] discord.gateway: For Shard ID None: WebSocket Event: {'t': None, 's': None, 'op': 11, 'd': None}
[2025-09-28 15:58:34] [DEBUG   ] discord.gateway: Keeping shard ID None websocket alive with sequence 8.
[2025-09-28 15:58:34] [DEBUG   ] discord.gateway: For Shard ID None: WebSocket Event: {'t': None, 's': None, 'op': 11, 'd': None}
[2025-09-28 15:59:15] [DEBUG   ] discord.gateway: Keeping shard ID None websocket alive with sequence 8.
[2025-09-28 15:59:15] [DEBUG   ] discord.gateway: For Shard ID None: WebSocket Event: {'t': None, 's': None, 'op': 11, 'd': None}
[2025-09-28 15:59:56] [DEBUG   ] discord.gateway: Keeping shard ID None websocket alive with sequence 8.
[2025-09-28 15:59:57] [DEBUG   ] discord.gateway: For Shard ID None: WebSocket Event: {'t': None, 's': None, 'op': 11, 'd': None}
[2025-09-28 16:00:38] [DEBUG   ] discord.gateway: Keeping shard ID None websocket alive with sequence 8.
[2025-09-28 16:00:38] [DEBUG   ] discord.gateway: For Shard ID None: WebSocket Event: {'t': None, 's': None, 'op': 11, 'd': None}
[2025-09-28 16:01:19] [DEBUG   ] discord.gateway: Keeping shard ID None websocket alive with sequence 8.
[2025-09-28 16:01:19] [DEBUG   ] discord.gateway: For Shard ID None: WebSocket Event: {'t': None, 's': None, 'op': 11, 'd': None}
[2025-09-28 16:02:00] [DEBUG   ] discord.gateway: Keeping shard ID None websocket alive with sequence 8.
[2025-09-28 16:02:01] [DEBUG   ] discord.gateway: For Shard ID None: WebSocket Event: {'t': None, 's': None, 'op': 11, 'd': None}
[2025-09-28 16:02:42] [DEBUG   ] discord.gateway: Keeping shard ID None websocket alive with sequence 8.
[2025-09-28 16:02:42] [DEBUG   ] discord.gateway: For Shard ID None: WebSocket Event: {'t': None, 's': None, 'op': 11, 'd': None}
[2025-09-28 16:03:23] [DEBUG   ] discord.gateway: Keeping shard ID None websocket alive with sequence 8.
[2025-09-28 16:03:23] [DEBUG   ] discord.gateway: For Shard ID None: WebSocket Event: {'t': None, 's': None, 'op': 11, 'd': None}
[2025-09-28 16:04:04] [DEBUG   ] discord.gateway: Keeping shard ID None websocket alive with sequence 8.
[2025-09-28 16:04:04] [DEBUG   ] discord.gateway: For Shard ID None: WebSocket Event: {'t': None, 's': None, 'op': 11, 'd': None}
[2025-09-28 16:04:45] [DEBUG   ] discord.gateway: Keeping shard ID None websocket alive with sequence 8.
[2025-09-28 16:04:46] [DEBUG   ] discord.gateway: For Shard ID None: WebSocket Event: {'t': None, 's': None, 'op': 11, 'd': None}
[2025-09-28 16:05:27] [DEBUG   ] discord.gateway: Keeping shard ID None websocket alive with sequence 8.
[2025-09-28 16:05:27] [DEBUG   ] discord.gateway: For Shard ID None: WebSocket Event: {'t': None, 's': None, 'op': 11, 'd': None}
[2025-09-28 16:06:08] [DEBUG   ] discord.gateway: Keeping shard ID None websocket alive with sequence 8.
[2025-09-28 16:06:08] [DEBUG   ] discord.gateway: For Shard ID None: WebSocket Event: {'t': None, 's': None, 'op': 11, 'd': None}
[2025-09-28 16:06:49] [DEBUG   ] discord.gateway: Keeping shard ID None websocket alive with sequence 8.
[2025-09-28 16:06:49] [DEBUG   ] discord.gateway: For Shard ID None: WebSocket Event: {'t': None, 's': None, 'op': 11, 'd': None}
[2025-09-28 16:07:30] [DEBUG   ] discord.gateway: Keeping shard ID None websocket alive with sequence 8.
[2025-09-28 16:07:31] [DEBUG   ] discord.gateway: For Shard ID None: WebSocket Event: {'t': None, 's': None, 'op': 11, 'd': None}
[2025-09-28 16:08:12] [DEBUG   ] discord.gateway: Keeping shard ID None websocket alive with sequence 8.
[2025-09-28 16:08:12] [DEBUG   ] discord.gateway: For Shard ID None: WebSocket Event: {'t': None, 's': None, 'op': 11, 'd': None}
[2025-09-28 16:08:53] [DEBUG   ] discord.gateway: Keeping shard ID None websocket alive with sequence 8.
[2025-09-28 16:08:53] [DEBUG   ] discord.gateway: For Shard ID None: WebSocket Event: {'t': None, 's': None, 'op': 11, 'd': None}
[2025-09-28 16:09:34] [DEBUG   ] discord.gateway: Keeping shard ID None websocket alive with sequence 8.
[2025-09-28 16:09:34] [DEBUG   ] discord.gateway: For Shard ID None: WebSocket Event: {'t': None, 's': None, 'op': 11, 'd': None}
[2025-09-28 16:10:15] [DEBUG   ] discord.gateway: Keeping shard ID None websocket alive with sequence 8.
[2025-09-28 16:10:16] [DEBUG   ] discord.gateway: For Shard ID None: WebSocket Event: {'t': None, 's': None, 'op': 11, 'd': None}
[2025-09-28 16:10:57] [DEBUG   ] discord.gateway: Keeping shard ID None websocket alive with sequence 8.
[2025-09-28 16:10:57] [DEBUG   ] discord.gateway: For Shard ID None: WebSocket Event: {'t': None, 's': None, 'op': 11, 'd': None}
[2025-09-28 16:11:38] [DEBUG   ] discord.gateway: Keeping shard ID None websocket alive with sequence 8.
[2025-09-28 16:11:38] [DEBUG   ] discord.gateway: For Shard ID None: WebSocket Event: {'t': None, 's': None, 'op': 11, 'd': None}
[2025-09-28 16:12:19] [DEBUG   ] discord.gateway: Keeping shard ID None websocket alive with sequence 8.
[2025-09-28 16:12:19] [DEBUG   ] discord.gateway: For Shard ID None: WebSocket Event: {'t': None, 's': None, 'op': 11, 'd': None}
[2025-09-28 16:13:00] [DEBUG   ] discord.gateway: Keeping shard ID None websocket alive with sequence 8.
[2025-09-28 16:13:01] [DEBUG   ] discord.gateway: For Shard ID None: WebSocket Event: {'t': None, 's': None, 'op': 11, 'd': None}
[2025-09-28 16:13:42] [DEBUG   ] discord.gateway: Keeping shard ID None websocket alive with sequence 8.
[2025-09-28 16:13:42] [DEBUG   ] discord.gateway: For Shard ID None: WebSocket Event: {'t': None, 's': None, 'op': 11, 'd': None}
[2025-09-28 16:14:23] [DEBUG   ] discord.gateway: Keeping shard ID None websocket alive with sequence 8.
[2025-09-28 16:14:23] [DEBUG   ] discord.gateway: For Shard ID None: WebSocket Event: {'t': None, 's': None, 'op': 11, 'd': None}
[2025-09-28 16:15:04] [DEBUG   ] discord.gateway: Keeping shard ID None websocket alive with sequence 8.
[2025-09-28 16:15:04] [DEBUG   ] discord.gateway: For Shard ID None: WebSocket Event: {'t': None, 's': None, 'op': 11, 'd': None}
[2025-09-28 16:15:45] [DEBUG   ] discord.gateway: Keeping shard ID None websocket alive with sequence 8.
[2025-09-28 16:15:46] [DEBUG   ] discord.gateway: For Shard ID None: WebSocket Event: {'t': None, 's': None, 'op': 11, 'd': None}
[2025-09-28 16:16:27] [DEBUG   ] discord.gateway: Keeping shard ID None websocket alive with sequence 8.
[2025-09-28 16:16:27] [DEBUG   ] discord.gateway: For Shard ID None: WebSocket Event: {'t': None, 's': None, 'op': 11, 'd': None}
[2025-09-28 16:17:08] [DEBUG   ] discord.gateway: Keeping shard ID None websocket alive with sequence 8.
[2025-09-28 16:17:08] [DEBUG   ] discord.gateway: For Shard ID None: WebSocket Event: {'t': None, 's': None, 'op': 11, 'd': None}
[2025-09-28 16:17:49] [DEBUG   ] discord.gateway: Keeping shard ID None websocket alive with sequence 8.
[2025-09-28 16:17:50] [DEBUG   ] discord.gateway: For Shard ID None: WebSocket Event: {'t': None, 's': None, 'op': 11, 'd': None}
[2025-09-28 16:18:30] [DEBUG   ] discord.gateway: Keeping shard ID None websocket alive with sequence 8.
[2025-09-28 16:18:31] [DEBUG   ] discord.gateway: For Shard ID None: WebSocket Event: {'t': None, 's': None, 'op': 11, 'd': None}
[2025-09-28 16:19:12] [DEBUG   ] discord.gateway: Keeping shard ID None websocket alive with sequence 8.
[2025-09-28 16:19:12] [DEBUG   ] discord.gateway: For Shard ID None: WebSocket Event: {'t': None, 's': None, 'op': 11, 'd': None}
[2025-09-28 16:19:53] [DEBUG   ] discord.gateway: Keeping shard ID None websocket alive with sequence 8.
[2025-09-28 16:19:53] [DEBUG   ] discord.gateway: For Shard ID None: WebSocket Event: {'t': None, 's': None, 'op': 11, 'd': None}
[2025-09-28 16:20:34] [DEBUG   ] discord.gateway: Keeping shard ID None websocket alive with sequence 8.
[2025-09-28 16:20:35] [DEBUG   ] discord.gateway: For Shard ID None: WebSocket Event: {'t': None, 's': None, 'op': 11, 'd': None}
[2025-09-28 16:21:16] [DEBUG   ] discord.gateway: Keeping shard ID None websocket alive with sequence 8.
[2025-09-28 16:21:16] [DEBUG   ] discord.gateway: For Shard ID None: WebSocket Event: {'t': None, 's': None, 'op': 11, 'd': None}
[2025-09-28 16:21:57] [DEBUG   ] discord.gateway: Keeping shard ID None websocket alive with sequence 8.
[2025-09-28 16:21:57] [DEBUG   ] discord.gateway: For Shard ID None: WebSocket Event: {'t': None, 's': None, 'op': 11, 'd': None}
[2025-09-28 16:22:38] [DEBUG   ] discord.gateway: Keeping shard ID None websocket alive with sequence 8.
[2025-09-28 16:22:38] [DEBUG   ] discord.gateway: For Shard ID None: WebSocket Event: {'t': None, 's': None, 'op': 11, 'd': None}
[2025-09-28 16:23:19] [DEBUG   ] discord.gateway: Keeping shard ID None websocket alive with sequence 8.
[2025-09-28 16:23:20] [DEBUG   ] discord.gateway: For Shard ID None: WebSocket Event: {'t': None, 's': None, 'op': 11, 'd': None}
[2025-09-28 16:24:01] [DEBUG   ] discord.gateway: Keeping shard ID None websocket alive with sequence 8.
[2025-09-28 16:24:01] [DEBUG   ] discord.gateway: For Shard ID None: WebSocket Event: {'t': None, 's': None, 'op': 11, 'd': None}
[2025-09-28 16:24:42] [DEBUG   ] discord.gateway: Keeping shard ID None websocket alive with sequence 8.
[2025-09-28 16:24:42] [DEBUG   ] discord.gateway: For Shard ID None: WebSocket Event: {'t': None, 's': None, 'op': 11, 'd': None}
[2025-09-28 16:25:23] [DEBUG   ] discord.gateway: Keeping shard ID None websocket alive with sequence 8.
[2025-09-28 16:25:23] [DEBUG   ] discord.gateway: For Shard ID None: WebSocket Event: {'t': None, 's': None, 'op': 11, 'd': None}
[2025-09-28 16:26:04] [DEBUG   ] discord.gateway: Keeping shard ID None websocket alive with sequence 8.
[2025-09-28 16:26:05] [DEBUG   ] discord.gateway: For Shard ID None: WebSocket Event: {'t': None, 's': None, 'op': 11, 'd': None}
[2025-09-28 16:26:46] [DEBUG   ] discord.gateway: Keeping shard ID None websocket alive with sequence 8.
[2025-09-28 16:26:46] [DEBUG   ] discord.gateway: For Shard ID None: WebSocket Event: {'t': None, 's': None, 'op': 11, 'd': None}
[2025-09-28 16:27:27] [DEBUG   ] discord.gateway: Keeping shard ID None websocket alive with sequence 8.
[2025-09-28 16:27:27] [DEBUG   ] discord.gateway: For Shard ID None: WebSocket Event: {'t': None, 's': None, 'op': 11, 'd': None}
[2025-09-28 16:28:08] [DEBUG   ] discord.gateway: Keeping shard ID None websocket alive with sequence 8.
[2025-09-28 16:28:08] [DEBUG   ] discord.gateway: For Shard ID None: WebSocket Event: {'t': None, 's': None, 'op': 11, 'd': None}
[2025-09-28 16:28:49] [DEBUG   ] discord.gateway: Keeping shard ID None websocket alive with sequence 8.
[2025-09-28 16:28:50] [DEBUG   ] discord.gateway: For Shard ID None: WebSocket Event: {'t': None, 's': None, 'op': 11, 'd': None}
[2025-09-28 16:29:31] [DEBUG   ] discord.gateway: Keeping shard ID None websocket alive with sequence 8.
[2025-09-28 16:29:31] [DEBUG   ] discord.gateway: For Shard ID None: WebSocket Event: {'t': None, 's': None, 'op': 11, 'd': None}
[2025-09-28 16:30:12] [DEBUG   ] discord.gateway: Keeping shard ID None websocket alive with sequence 8.
[2025-09-28 16:30:12] [DEBUG   ] discord.gateway: For Shard ID None: WebSocket Event: {'t': None, 's': None, 'op': 11, 'd': None}
[2025-09-28 16:30:53] [DEBUG   ] discord.gateway: Keeping shard ID None websocket alive with sequence 8.
[2025-09-28 16:30:53] [DEBUG   ] discord.gateway: For Shard ID None: WebSocket Event: {'t': None, 's': None, 'op': 11, 'd': None}
[2025-09-28 16:31:34] [DEBUG   ] discord.gateway: Keeping shard ID None websocket alive with sequence 8.
[2025-09-28 16:31:35] [DEBUG   ] discord.gateway: For Shard ID None: WebSocket Event: {'t': None, 's': None, 'op': 11, 'd': None}
[2025-09-28 16:32:16] [DEBUG   ] discord.gateway: Keeping shard ID None websocket alive with sequence 8.
[2025-09-28 16:32:16] [DEBUG   ] discord.gateway: For Shard ID None: WebSocket Event: {'t': None, 's': None, 'op': 11, 'd': None}
[2025-09-28 16:32:57] [DEBUG   ] discord.gateway: Keeping shard ID None websocket alive with sequence 8.
[2025-09-28 16:32:57] [DEBUG   ] discord.gateway: For Shard ID None: WebSocket Event: {'t': None, 's': None, 'op': 11, 'd': None}
[2025-09-28 16:33:38] [DEBUG   ] discord.gateway: Keeping shard ID None websocket alive with sequence 8.
[2025-09-28 16:33:38] [DEBUG   ] discord.gateway: For Shard ID None: WebSocket Event: {'t': None, 's': None, 'op': 11, 'd': None}
[2025-09-28 16:34:19] [DEBUG   ] discord.gateway: Keeping shard ID None websocket alive with sequence 8.
[2025-09-28 16:34:20] [DEBUG   ] discord.gateway: For Shard ID None: WebSocket Event: {'t': None, 's': None, 'op': 11, 'd': None}
[2025-09-28 16:35:01] [DEBUG   ] discord.gateway: Keeping shard ID None websocket alive with sequence 8.
[2025-09-28 16:35:01] [DEBUG   ] discord.gateway: For Shard ID None: WebSocket Event: {'t': None, 's': None, 'op': 11, 'd': None}
[2025-09-28 16:35:42] [DEBUG   ] discord.gateway: Keeping shard ID None websocket alive with sequence 8.
[2025-09-28 16:35:42] [DEBUG   ] discord.gateway: For Shard ID None: WebSocket Event: {'t': None, 's': None, 'op': 11, 'd': None}
